
> ianime-server@1.0.0 start
> node index.js

[dotenv@17.3.1] injecting env (9) from .env -- tip: ⚙️  specify custom .env file path with { path: '/custom/path/.env' }
[dotenv@17.3.1] injecting env (0) from .env -- tip: ⚙️  enable debug logging with { debug: true }
🚀 Inizializzazione database...

✅ MySQL connesso con successo
🔍 Schema esiste? true
📊 Risultato SELECT COUNT communities: [ { count: 1 } ]
📊 Count: 1
📊 isSeeded ritorna: true
🔍 Database già seedato? true
⏭️ Database già popolato, skip seed
✅ Database pronto

node:events:486
      throw er; // Unhandled 'error' event
      ^

Error: listen EADDRINUSE: address already in use :::5000
    at Server.setupListenHandle [as _listen2] (node:net:1940:16)
    at listenInCluster (node:net:1997:12)
    at Server.listen (node:net:2102:7)
    at startServer (/workspaces/iAnime/server/index.js:232:12)
    at process.processTicksAndRejections (node:internal/process/task_queues:103:5)
Emitted 'error' event on Server instance at:
    at emitErrorNT (node:net:1976:8)
    at process.processTicksAndRejections (node:internal/process/task_queues:89:21) {
  code: 'EADDRINUSE',
  errno: -98,
  syscall: 'listen',
  address: '::',
  port: 5000
}

Node.js v24.11.1
